#! /opt/homebrew/Cellar/icarus-verilog/13.0/bin/vvp
:ivl_version "13.0 (stable)" "(v13_0)";
:ivl_delay_selection "TYPICAL";
:vpi_time_precision - 12;
:vpi_module "/opt/homebrew/Cellar/icarus-verilog/13.0/lib/ivl/system.vpi";
:vpi_module "/opt/homebrew/Cellar/icarus-verilog/13.0/lib/ivl/vhdl_sys.vpi";
:vpi_module "/opt/homebrew/Cellar/icarus-verilog/13.0/lib/ivl/vhdl_textio.vpi";
:vpi_module "/opt/homebrew/Cellar/icarus-verilog/13.0/lib/ivl/v2005_math.vpi";
:vpi_module "/opt/homebrew/Cellar/icarus-verilog/13.0/lib/ivl/va_math.vpi";
:vpi_module "/opt/homebrew/Cellar/icarus-verilog/13.0/lib/ivl/v2009.vpi";
S_0x14e714370 .scope package, "$unit" "$unit" 2 1;
 .timescale 0 0;
S_0x14e708590 .scope package, "nexuslite_pkg" "nexuslite_pkg" 3 1;
 .timescale 0 0;
P_0x60000309cf80 .param/l "AXI_RESP_OKAY" 0 3 3, C4<00>;
P_0x60000309cfc0 .param/l "AXI_RESP_SLVERR" 0 3 4, C4<10>;
S_0x14e708700 .scope module, "tb_nexuslite_regfile" "tb_nexuslite_regfile" 4 3;
 .timescale -9 -12;
P_0x14e704680 .param/l "ADDR_WIDTH" 1 4 5, +C4<00000000000000000000000000001000>;
P_0x14e7046c0 .param/l "CLK_PERIOD" 1 4 7, +C4<00000000000000000000000000001010>;
P_0x14e704700 .param/l "CONFIG_OFFSET" 1 4 10, C4<00000100>;
P_0x14e704740 .param/l "CTRL_OFFSET" 1 4 9, C4<00000000>;
P_0x14e704780 .param/l "DATA_IN_OFFSET" 1 4 13, C4<00010000>;
P_0x14e7047c0 .param/l "DATA_OUT_OFFSET" 1 4 14, C4<00010100>;
P_0x14e704800 .param/l "DATA_WIDTH" 1 4 6, +C4<00000000000000000000000000100000>;
P_0x14e704840 .param/l "INT_FLAG_OFFSET" 1 4 12, C4<00001100>;
P_0x14e704880 .param/l "INVALID_OFFSET" 1 4 15, C4<11111111>;
P_0x14e7048c0 .param/l "STATUS_OFFSET" 1 4 11, C4<00001000>;
v0x600002c961c0_0 .var "ACLK", 0 0;
v0x600002c96250_0 .var "ARADDR", 7 0;
v0x600002c962e0_0 .var "ARESETN", 0 0;
v0x600002c96370_0 .net "ARREADY", 0 0, v0x600002c945a0_0;  1 drivers
v0x600002c96400_0 .var "ARVALID", 0 0;
v0x600002c96490_0 .var "AWADDR", 7 0;
v0x600002c96520_0 .net "AWREADY", 0 0, v0x600002c94750_0;  1 drivers
v0x600002c965b0_0 .var "AWVALID", 0 0;
v0x600002c96640_0 .var "BREADY", 0 0;
v0x600002c966d0_0 .net "BRESP", 1 0, v0x600002c94900_0;  1 drivers
v0x600002c96760_0 .net "BVALID", 0 0, v0x600002c94990_0;  1 drivers
v0x600002c967f0_0 .net "RDATA", 31 0, v0x600002c94a20_0;  1 drivers
v0x600002c96880_0 .var "RREADY", 0 0;
v0x600002c96910_0 .net "RRESP", 1 0, v0x600002c94b40_0;  1 drivers
v0x600002c969a0_0 .net "RVALID", 0 0, v0x600002c94bd0_0;  1 drivers
v0x600002c96a30_0 .var "WDATA", 31 0;
v0x600002c96ac0_0 .net "WREADY", 0 0, v0x600002c94cf0_0;  1 drivers
v0x600002c96b50_0 .var "WVALID", 0 0;
v0x600002c96be0_0 .var/2s "fail_count", 31 0;
v0x600002c96c70_0 .var/2s "pass_count", 31 0;
E_0x600000b81ec0 .event posedge, v0x600002c943f0_0;
S_0x14e7148b0 .scope autotask, "do_read" "do_read" 4 85, 4 85 0, S_0x14e708700;
 .timescale -9 -12;
v0x600002c94000_0 .var "addr", 7 0;
v0x600002c94090_0 .var "data", 31 0;
v0x600002c94120_0 .var "resp", 1 0;
E_0x600000b81f00 .event anyedge, v0x600002c94bd0_0;
TD_tb_nexuslite_regfile.do_read ;
    %wait E_0x600000b81ec0;
    %load/vec4 v0x600002c94000_0;
    %assign/vec4 v0x600002c96250_0, 0;
    %pushi/vec4 1, 0, 1;
    %assign/vec4 v0x600002c96400_0, 0;
    %pushi/vec4 1, 0, 1;
    %assign/vec4 v0x600002c96880_0, 0;
    %wait E_0x600000b81ec0;
    %pushi/vec4 0, 0, 1;
    %assign/vec4 v0x600002c96400_0, 0;
T_0.0 ;
    %load/vec4 v0x600002c969a0_0;
    %pushi/vec4 1, 0, 1;
    %cmp/e;
    %flag_get/vec4 4;
    %cmpi/ne 1, 0, 1;
    %jmp/0xz T_0.1, 6;
    %wait E_0x600000b81f00;
    %jmp T_0.0;
T_0.1 ;
    %wait E_0x600000b81ec0;
    %load/vec4 v0x600002c967f0_0;
    %store/vec4 v0x600002c94090_0, 0, 32;
    %load/vec4 v0x600002c96910_0;
    %store/vec4 v0x600002c94120_0, 0, 2;
    %pushi/vec4 0, 0, 1;
    %assign/vec4 v0x600002c96880_0, 0;
    %wait E_0x600000b81ec0;
    %end;
S_0x14e714a20 .scope autotask, "do_write" "do_write" 4 61, 4 61 0, S_0x14e708700;
 .timescale -9 -12;
v0x600002c941b0_0 .var "addr", 7 0;
v0x600002c94240_0 .var "data", 31 0;
v0x600002c942d0_0 .var "resp", 1 0;
E_0x600000b81f40 .event anyedge, v0x600002c94990_0;
TD_tb_nexuslite_regfile.do_write ;
    %wait E_0x600000b81ec0;
    %load/vec4 v0x600002c941b0_0;
    %assign/vec4 v0x600002c96490_0, 0;
    %pushi/vec4 1, 0, 1;
    %assign/vec4 v0x600002c965b0_0, 0;
    %load/vec4 v0x600002c94240_0;
    %assign/vec4 v0x600002c96a30_0, 0;
    %pushi/vec4 1, 0, 1;
    %assign/vec4 v0x600002c96b50_0, 0;
    %pushi/vec4 1, 0, 1;
    %assign/vec4 v0x600002c96640_0, 0;
    %wait E_0x600000b81ec0;
    %pushi/vec4 0, 0, 1;
    %assign/vec4 v0x600002c965b0_0, 0;
    %pushi/vec4 0, 0, 1;
    %assign/vec4 v0x600002c96b50_0, 0;
T_1.2 ;
    %load/vec4 v0x600002c96760_0;
    %pushi/vec4 1, 0, 1;
    %cmp/e;
    %flag_get/vec4 4;
    %cmpi/ne 1, 0, 1;
    %jmp/0xz T_1.3, 6;
    %wait E_0x600000b81f40;
    %jmp T_1.2;
T_1.3 ;
    %wait E_0x600000b81ec0;
    %load/vec4 v0x600002c966d0_0;
    %store/vec4 v0x600002c942d0_0, 0, 2;
    %pushi/vec4 0, 0, 1;
    %assign/vec4 v0x600002c96640_0, 0;
    %wait E_0x600000b81ec0;
    %end;
S_0x14e714b90 .scope module, "dut" "nexuslite_regfile" 4 42, 5 1 0, S_0x14e708700;
 .timescale 0 0;
    .port_info 0 /INPUT 1 "ACLK";
    .port_info 1 /INPUT 1 "ARESETN";
    .port_info 2 /INPUT 8 "AWADDR";
    .port_info 3 /INPUT 1 "AWVALID";
    .port_info 4 /OUTPUT 1 "AWREADY";
    .port_info 5 /INPUT 32 "WDATA";
    .port_info 6 /INPUT 1 "WVALID";
    .port_info 7 /OUTPUT 1 "WREADY";
    .port_info 8 /OUTPUT 2 "BRESP";
    .port_info 9 /OUTPUT 1 "BVALID";
    .port_info 10 /INPUT 1 "BREADY";
    .port_info 11 /INPUT 8 "ARADDR";
    .port_info 12 /INPUT 1 "ARVALID";
    .port_info 13 /OUTPUT 1 "ARREADY";
    .port_info 14 /OUTPUT 32 "RDATA";
    .port_info 15 /OUTPUT 2 "RRESP";
    .port_info 16 /OUTPUT 1 "RVALID";
    .port_info 17 /INPUT 1 "RREADY";
P_0x14e714d00 .param/l "ADDR_WIDTH" 0 5 2, +C4<00000000000000000000000000001000>;
P_0x14e714d40 .param/l "CONFIG_OFFSET" 1 5 45, C4<00000100>;
P_0x14e714d80 .param/l "CTRL_OFFSET" 1 5 44, C4<00000000>;
P_0x14e714dc0 .param/l "DATA_IN_OFFSET" 1 5 48, C4<00010000>;
P_0x14e714e00 .param/l "DATA_OUT_OFFSET" 1 5 49, C4<00010100>;
P_0x14e714e40 .param/l "DATA_WIDTH" 0 5 3, +C4<00000000000000000000000000100000>;
P_0x14e714e80 .param/l "INT_FLAG_OFFSET" 1 5 47, C4<00001100>;
P_0x14e714ec0 .param/l "STATUS_OFFSET" 1 5 46, C4<00001000>;
enum0x60000309ae80 .enum4 (1)
   "WR_IDLE" 1'b0,
   "WR_RESP" 1'b1
 ;
enum0x60000309af00 .enum4 (1)
   "R_IDLE" 1'b0,
   "R_RESP" 1'b1
 ;
v0x600002c943f0_0 .net "ACLK", 0 0, v0x600002c961c0_0;  1 drivers
v0x600002c94480_0 .net "ARADDR", 7 0, v0x600002c96250_0;  1 drivers
v0x600002c94510_0 .net "ARESETN", 0 0, v0x600002c962e0_0;  1 drivers
v0x600002c945a0_0 .var "ARREADY", 0 0;
v0x600002c94630_0 .net "ARVALID", 0 0, v0x600002c96400_0;  1 drivers
v0x600002c946c0_0 .net "AWADDR", 7 0, v0x600002c96490_0;  1 drivers
v0x600002c94750_0 .var "AWREADY", 0 0;
v0x600002c947e0_0 .net "AWVALID", 0 0, v0x600002c965b0_0;  1 drivers
v0x600002c94870_0 .net "BREADY", 0 0, v0x600002c96640_0;  1 drivers
v0x600002c94900_0 .var "BRESP", 1 0;
v0x600002c94990_0 .var "BVALID", 0 0;
v0x600002c94a20_0 .var "RDATA", 31 0;
v0x600002c94ab0_0 .net "RREADY", 0 0, v0x600002c96880_0;  1 drivers
v0x600002c94b40_0 .var "RRESP", 1 0;
v0x600002c94bd0_0 .var "RVALID", 0 0;
v0x600002c94c60_0 .net "WDATA", 31 0, v0x600002c96a30_0;  1 drivers
v0x600002c94cf0_0 .var "WREADY", 0 0;
v0x600002c94d80_0 .net "WVALID", 0 0, v0x600002c96b50_0;  1 drivers
v0x600002c94e10_0 .var "ar_addr_captured", 7 0;
v0x600002c94ea0_0 .var "ar_captured", 0 0;
v0x600002c94f30_0 .var "aw_addr_captured", 7 0;
v0x600002c94fc0_0 .var "aw_captured", 0 0;
v0x600002c95050_0 .var "config_reg", 31 0;
v0x600002c950e0_0 .var "ctrl_reg", 31 0;
v0x600002c95170_0 .var "data_in_reg", 31 0;
v0x600002c95200_0 .var "int_flag_reg", 31 0;
v0x600002c95290_0 .var "r_captured", 0 0;
v0x600002c95320_0 .var "r_data_captured", 31 0;
v0x600002c953b0_0 .var "rd_state", 0 0;
v0x600002c95440_0 .var "status_counter", 31 0;
v0x600002c954d0_0 .var "w_captured", 0 0;
v0x600002c95560_0 .var "w_data_captured", 31 0;
v0x600002c955f0_0 .var "wr_state", 0 0;
E_0x600000b82180/0 .event negedge, v0x600002c94510_0;
E_0x600000b82180/1 .event posedge, v0x600002c943f0_0;
E_0x600000b82180 .event/or E_0x600000b82180/0, E_0x600000b82180/1;
S_0x14e715340 .scope autotask, "test_data_in_out" "test_data_in_out" 4 200, 4 200 0, S_0x14e708700;
 .timescale -9 -12;
v0x600002c94360_0 .var "rdata_in", 31 0;
v0x600002c95710_0 .var "rdata_out", 31 0;
v0x600002c957a0_0 .var "rresp", 1 0;
v0x600002c95830_0 .var "test_val", 31 0;
v0x600002c958c0_0 .var "wresp", 1 0;
TD_tb_nexuslite_regfile.test_data_in_out ;
    %pushi/vec4 85, 0, 32;
    %store/vec4 v0x600002c95830_0, 0, 32;
    %alloc S_0x14e714a20;
    %pushi/vec4 16, 0, 8;
    %store/vec4 v0x600002c941b0_0, 0, 8;
    %load/vec4 v0x600002c95830_0;
    %store/vec4 v0x600002c94240_0, 0, 32;
    %fork TD_tb_nexuslite_regfile.do_write, S_0x14e714a20;
    %join;
    %load/vec4 v0x600002c942d0_0;
    %store/vec4 v0x600002c958c0_0, 0, 2;
    %free S_0x14e714a20;
    %alloc S_0x14e7148b0;
    %pushi/vec4 16, 0, 8;
    %store/vec4 v0x600002c94000_0, 0, 8;
    %fork TD_tb_nexuslite_regfile.do_read, S_0x14e7148b0;
    %join;
    %load/vec4 v0x600002c94090_0;
    %store/vec4 v0x600002c94360_0, 0, 32;
    %load/vec4 v0x600002c94120_0;
    %store/vec4 v0x600002c957a0_0, 0, 2;
    %free S_0x14e7148b0;
    %alloc S_0x14e7148b0;
    %pushi/vec4 20, 0, 8;
    %store/vec4 v0x600002c94000_0, 0, 8;
    %fork TD_tb_nexuslite_regfile.do_read, S_0x14e7148b0;
    %join;
    %load/vec4 v0x600002c94090_0;
    %store/vec4 v0x600002c95710_0, 0, 32;
    %load/vec4 v0x600002c94120_0;
    %store/vec4 v0x600002c957a0_0, 0, 2;
    %free S_0x14e7148b0;
    %load/vec4 v0x600002c94360_0;
    %cmpi/ne 0, 0, 32;
    %jmp/0xz  T_2.4, 6;
    %vpi_call/w 4 211 "$display", "[FAIL] test_data_in_out: DATA_IN read returned %0h, expected 0 (WO)", v0x600002c94360_0 {0 0 0};
    ; show_stmt_assign_vector: Get l-value for compressed += operand
    %load/vec4 v0x600002c96be0_0;
    %pushi/vec4 1, 0, 32;
    %add;
    %cast2;
    %store/vec4 v0x600002c96be0_0, 0, 32;
    %jmp T_2.5;
T_2.4 ;
    %load/vec4 v0x600002c95710_0;
    %load/vec4 v0x600002c95830_0;
    %addi 1, 0, 32;
    %cmp/ne;
    %jmp/0xz  T_2.6, 6;
    %load/vec4 v0x600002c95830_0;
    %addi 1, 0, 32;
    %vpi_call/w 4 214 "$display", "[FAIL] test_data_in_out: DATA_OUT returned %0h, expected %0h", v0x600002c95710_0, S<0,vec4,u32> {1 0 0};
    ; show_stmt_assign_vector: Get l-value for compressed += operand
    %load/vec4 v0x600002c96be0_0;
    %pushi/vec4 1, 0, 32;
    %add;
    %cast2;
    %store/vec4 v0x600002c96be0_0, 0, 32;
    %jmp T_2.7;
T_2.6 ;
    %vpi_call/w 4 217 "$display", "[PASS] test_data_in_out: DATA_IN reads 0, DATA_OUT = DATA_IN+1 correctly" {0 0 0};
    ; show_stmt_assign_vector: Get l-value for compressed += operand
    %load/vec4 v0x600002c96c70_0;
    %pushi/vec4 1, 0, 32;
    %add;
    %cast2;
    %store/vec4 v0x600002c96c70_0, 0, 32;
T_2.7 ;
T_2.5 ;
    %end;
S_0x14e7154b0 .scope autotask, "test_int_flag_w1c" "test_int_flag_w1c" 4 145, 4 145 0, S_0x14e708700;
 .timescale -9 -12;
v0x600002c95950_0 .var "rdata", 31 0;
v0x600002c959e0_0 .var "resp", 1 0;
v0x600002c95a70_0 .var "wresp", 1 0;
TD_tb_nexuslite_regfile.test_int_flag_w1c ;
    %alloc S_0x14e7148b0;
    %pushi/vec4 12, 0, 8;
    %store/vec4 v0x600002c94000_0, 0, 8;
    %fork TD_tb_nexuslite_regfile.do_read, S_0x14e7148b0;
    %join;
    %load/vec4 v0x600002c94090_0;
    %store/vec4 v0x600002c95950_0, 0, 32;
    %load/vec4 v0x600002c94120_0;
    %store/vec4 v0x600002c959e0_0, 0, 2;
    %free S_0x14e7148b0;
    %load/vec4 v0x600002c95950_0;
    %parti/s 1, 0, 2;
    %cmpi/ne 0, 0, 1;
    %jmp/0xz  T_3.8, 6;
    %vpi_call/w 4 152 "$display", "[FAIL] test_int_flag_w1c Part A: expected bit0=0 before wrap, got %0d", &PV<v0x600002c95950_0, 0, 1> {0 0 0};
    ; show_stmt_assign_vector: Get l-value for compressed += operand
    %load/vec4 v0x600002c96be0_0;
    %pushi/vec4 1, 0, 32;
    %add;
    %cast2;
    %store/vec4 v0x600002c96be0_0, 0, 32;
T_3.8 ;
    %alloc S_0x14e714a20;
    %pushi/vec4 12, 0, 8;
    %store/vec4 v0x600002c941b0_0, 0, 8;
    %pushi/vec4 1, 0, 32;
    %store/vec4 v0x600002c94240_0, 0, 32;
    %fork TD_tb_nexuslite_regfile.do_write, S_0x14e714a20;
    %join;
    %load/vec4 v0x600002c942d0_0;
    %store/vec4 v0x600002c95a70_0, 0, 2;
    %free S_0x14e714a20;
    %alloc S_0x14e7148b0;
    %pushi/vec4 12, 0, 8;
    %store/vec4 v0x600002c94000_0, 0, 8;
    %fork TD_tb_nexuslite_regfile.do_read, S_0x14e7148b0;
    %join;
    %load/vec4 v0x600002c94090_0;
    %store/vec4 v0x600002c95950_0, 0, 32;
    %load/vec4 v0x600002c94120_0;
    %store/vec4 v0x600002c959e0_0, 0, 2;
    %free S_0x14e7148b0;
    %load/vec4 v0x600002c95950_0;
    %parti/s 1, 0, 2;
    %cmpi/ne 0, 0, 1;
    %jmp/0xz  T_3.10, 6;
    %vpi_call/w 4 158 "$display", "[FAIL] test_int_flag_w1c Part A: clearing an already-0 bit changed it to %0d", &PV<v0x600002c95950_0, 0, 1> {0 0 0};
    ; show_stmt_assign_vector: Get l-value for compressed += operand
    %load/vec4 v0x600002c96be0_0;
    %pushi/vec4 1, 0, 32;
    %add;
    %cast2;
    %store/vec4 v0x600002c96be0_0, 0, 32;
    %jmp T_3.11;
T_3.10 ;
    %vpi_call/w 4 161 "$display", "[PASS] test_int_flag_w1c Part A: clear-on-zero is a no-op, as expected" {0 0 0};
    ; show_stmt_assign_vector: Get l-value for compressed += operand
    %load/vec4 v0x600002c96c70_0;
    %pushi/vec4 1, 0, 32;
    %add;
    %cast2;
    %store/vec4 v0x600002c96c70_0, 0, 32;
T_3.11 ;
    %pushi/vec4 4294967293, 0, 32;
    %force/vec4 v0x600002c95440_0;
    %wait E_0x600000b81ec0;
    %release/reg v0x600002c95440_0, 0, 32;
    %pushi/vec4 3, 0, 32;
T_3.12 %dup/vec4;
    %cmpi/s 0, 0, 32;
    %jmp/1xz T_3.13, 5;
    %jmp/1 T_3.13, 4;
    %subi 1, 0, 32;
    %wait E_0x600000b81ec0;
    %jmp T_3.12;
T_3.13 ;
    %pop/vec4 1;
    %alloc S_0x14e7148b0;
    %pushi/vec4 12, 0, 8;
    %store/vec4 v0x600002c94000_0, 0, 8;
    %fork TD_tb_nexuslite_regfile.do_read, S_0x14e7148b0;
    %join;
    %load/vec4 v0x600002c94090_0;
    %store/vec4 v0x600002c95950_0, 0, 32;
    %load/vec4 v0x600002c94120_0;
    %store/vec4 v0x600002c959e0_0, 0, 2;
    %free S_0x14e7148b0;
    %load/vec4 v0x600002c95950_0;
    %parti/s 1, 0, 2;
    %cmpi/ne 1, 0, 1;
    %jmp/0xz  T_3.14, 6;
    %vpi_call/w 4 180 "$display", "[FAIL] test_int_flag_w1c Part B: expected bit0=1 after wrap, got %0d", &PV<v0x600002c95950_0, 0, 1> {0 0 0};
    ; show_stmt_assign_vector: Get l-value for compressed += operand
    %load/vec4 v0x600002c96be0_0;
    %pushi/vec4 1, 0, 32;
    %add;
    %cast2;
    %store/vec4 v0x600002c96be0_0, 0, 32;
    %jmp T_3.15;
T_3.14 ;
    %vpi_call/w 4 183 "$display", "[PASS] test_int_flag_w1c Part B: bit0 set after counter wrap" {0 0 0};
    ; show_stmt_assign_vector: Get l-value for compressed += operand
    %load/vec4 v0x600002c96c70_0;
    %pushi/vec4 1, 0, 32;
    %add;
    %cast2;
    %store/vec4 v0x600002c96c70_0, 0, 32;
T_3.15 ;
    %alloc S_0x14e714a20;
    %pushi/vec4 12, 0, 8;
    %store/vec4 v0x600002c941b0_0, 0, 8;
    %pushi/vec4 1, 0, 32;
    %store/vec4 v0x600002c94240_0, 0, 32;
    %fork TD_tb_nexuslite_regfile.do_write, S_0x14e714a20;
    %join;
    %load/vec4 v0x600002c942d0_0;
    %store/vec4 v0x600002c95a70_0, 0, 2;
    %free S_0x14e714a20;
    %alloc S_0x14e7148b0;
    %pushi/vec4 12, 0, 8;
    %store/vec4 v0x600002c94000_0, 0, 8;
    %fork TD_tb_nexuslite_regfile.do_read, S_0x14e7148b0;
    %join;
    %load/vec4 v0x600002c94090_0;
    %store/vec4 v0x600002c95950_0, 0, 32;
    %load/vec4 v0x600002c94120_0;
    %store/vec4 v0x600002c959e0_0, 0, 2;
    %free S_0x14e7148b0;
    %load/vec4 v0x600002c95950_0;
    %parti/s 1, 0, 2;
    %cmpi/ne 0, 0, 1;
    %jmp/0xz  T_3.16, 6;
    %vpi_call/w 4 191 "$display", "[FAIL] test_int_flag_w1c Part B: bit0 did not clear after write-1" {0 0 0};
    ; show_stmt_assign_vector: Get l-value for compressed += operand
    %load/vec4 v0x600002c96be0_0;
    %pushi/vec4 1, 0, 32;
    %add;
    %cast2;
    %store/vec4 v0x600002c96be0_0, 0, 32;
    %jmp T_3.17;
T_3.16 ;
    %vpi_call/w 4 194 "$display", "[PASS] test_int_flag_w1c Part B: bit0 cleared correctly via write-1" {0 0 0};
    ; show_stmt_assign_vector: Get l-value for compressed += operand
    %load/vec4 v0x600002c96c70_0;
    %pushi/vec4 1, 0, 32;
    %add;
    %cast2;
    %store/vec4 v0x600002c96c70_0, 0, 32;
T_3.17 ;
    %end;
S_0x14e715620 .scope autotask, "test_rw_register" "test_rw_register" 4 109, 4 109 0, S_0x14e708700;
 .timescale -9 -12;
v0x600002c95b00_0 .var "addr", 7 0;
v0x600002c95b90_0 .var "data", 31 0;
v0x600002c95c20_0 .var/str "name";
v0x600002c95cb0_0 .var "rdata", 31 0;
v0x600002c95d40_0 .var "rresp", 1 0;
v0x600002c95dd0_0 .var "wresp", 1 0;
TD_tb_nexuslite_regfile.test_rw_register ;
    %alloc S_0x14e714a20;
    %load/vec4 v0x600002c95b00_0;
    %store/vec4 v0x600002c941b0_0, 0, 8;
    %load/vec4 v0x600002c95b90_0;
    %store/vec4 v0x600002c94240_0, 0, 32;
    %fork TD_tb_nexuslite_regfile.do_write, S_0x14e714a20;
    %join;
    %load/vec4 v0x600002c942d0_0;
    %store/vec4 v0x600002c95dd0_0, 0, 2;
    %free S_0x14e714a20;
    %alloc S_0x14e7148b0;
    %load/vec4 v0x600002c95b00_0;
    %store/vec4 v0x600002c94000_0, 0, 8;
    %fork TD_tb_nexuslite_regfile.do_read, S_0x14e7148b0;
    %join;
    %load/vec4 v0x600002c94090_0;
    %store/vec4 v0x600002c95cb0_0, 0, 32;
    %load/vec4 v0x600002c94120_0;
    %store/vec4 v0x600002c95d40_0, 0, 2;
    %free S_0x14e7148b0;
    %load/vec4 v0x600002c95dd0_0;
    %cmpi/ne 0, 0, 2;
    %jmp/1 T_4.21, 6;
    %flag_mov 8, 6;
    %load/vec4 v0x600002c95d40_0;
    %cmpi/ne 0, 0, 2;
    %flag_or 6, 8;
T_4.21;
    %jmp/1 T_4.20, 6;
    %flag_mov 8, 6;
    %load/vec4 v0x600002c95cb0_0;
    %load/vec4 v0x600002c95b90_0;
    %cmp/ne;
    %flag_or 6, 8;
T_4.20;
    %jmp/0xz  T_4.18, 6;
    %vpi_call/w 4 118 "$display", "[FAIL] test_rw_register(%s): wrote %0h, read %0h, wresp=%0d rresp=%0d", v0x600002c95c20_0, v0x600002c95b90_0, v0x600002c95cb0_0, v0x600002c95dd0_0, v0x600002c95d40_0 {0 0 0};
    ; show_stmt_assign_vector: Get l-value for compressed += operand
    %load/vec4 v0x600002c96be0_0;
    %pushi/vec4 1, 0, 32;
    %add;
    %cast2;
    %store/vec4 v0x600002c96be0_0, 0, 32;
    %jmp T_4.19;
T_4.18 ;
    %vpi_call/w 4 122 "$display", "[PASS] test_rw_register(%s): %0h round-tripped correctly", v0x600002c95c20_0, v0x600002c95b90_0 {0 0 0};
    ; show_stmt_assign_vector: Get l-value for compressed += operand
    %load/vec4 v0x600002c96c70_0;
    %pushi/vec4 1, 0, 32;
    %add;
    %cast2;
    %store/vec4 v0x600002c96c70_0, 0, 32;
T_4.19 ;
    %end;
S_0x14e715790 .scope autotask, "test_slverr" "test_slverr" 4 223, 4 223 0, S_0x14e708700;
 .timescale -9 -12;
v0x600002c95e60_0 .var "rdata", 31 0;
v0x600002c95ef0_0 .var "rresp", 1 0;
v0x600002c95f80_0 .var "wresp", 1 0;
TD_tb_nexuslite_regfile.test_slverr ;
    %alloc S_0x14e714a20;
    %pushi/vec4 255, 0, 8;
    %store/vec4 v0x600002c941b0_0, 0, 8;
    %pushi/vec4 2882343476, 0, 32;
    %store/vec4 v0x600002c94240_0, 0, 32;
    %fork TD_tb_nexuslite_regfile.do_write, S_0x14e714a20;
    %join;
    %load/vec4 v0x600002c942d0_0;
    %store/vec4 v0x600002c95f80_0, 0, 2;
    %free S_0x14e714a20;
    %alloc S_0x14e7148b0;
    %pushi/vec4 255, 0, 8;
    %store/vec4 v0x600002c94000_0, 0, 8;
    %fork TD_tb_nexuslite_regfile.do_read, S_0x14e7148b0;
    %join;
    %load/vec4 v0x600002c94090_0;
    %store/vec4 v0x600002c95e60_0, 0, 32;
    %load/vec4 v0x600002c94120_0;
    %store/vec4 v0x600002c95ef0_0, 0, 2;
    %free S_0x14e7148b0;
    %load/vec4 v0x600002c95f80_0;
    %cmpi/ne 2, 0, 2;
    %jmp/0xz  T_5.22, 6;
    %vpi_call/w 4 231 "$display", "[FAIL] test_slverr: write BRESP=%0d, expected SLVERR", v0x600002c95f80_0 {0 0 0};
    ; show_stmt_assign_vector: Get l-value for compressed += operand
    %load/vec4 v0x600002c96be0_0;
    %pushi/vec4 1, 0, 32;
    %add;
    %cast2;
    %store/vec4 v0x600002c96be0_0, 0, 32;
    %jmp T_5.23;
T_5.22 ;
    %load/vec4 v0x600002c95ef0_0;
    %cmpi/ne 2, 0, 2;
    %jmp/1 T_5.26, 6;
    %flag_mov 8, 6;
    %load/vec4 v0x600002c95e60_0;
    %cmpi/ne 0, 0, 32;
    %flag_or 6, 8;
T_5.26;
    %jmp/0xz  T_5.24, 6;
    %vpi_call/w 4 234 "$display", "[FAIL] test_slverr: read RRESP=%0d RDATA=%0h, expected SLVERR/0", v0x600002c95ef0_0, v0x600002c95e60_0 {0 0 0};
    ; show_stmt_assign_vector: Get l-value for compressed += operand
    %load/vec4 v0x600002c96be0_0;
    %pushi/vec4 1, 0, 32;
    %add;
    %cast2;
    %store/vec4 v0x600002c96be0_0, 0, 32;
    %jmp T_5.25;
T_5.24 ;
    %vpi_call/w 4 237 "$display", "[PASS] test_slverr: invalid address correctly rejected on write and read" {0 0 0};
    ; show_stmt_assign_vector: Get l-value for compressed += operand
    %load/vec4 v0x600002c96c70_0;
    %pushi/vec4 1, 0, 32;
    %add;
    %cast2;
    %store/vec4 v0x600002c96c70_0, 0, 32;
T_5.25 ;
T_5.23 ;
    %end;
S_0x14e715900 .scope autotask, "test_status_changes" "test_status_changes" 4 128, 4 128 0, S_0x14e708700;
 .timescale -9 -12;
v0x600002c96010_0 .var "resp", 1 0;
v0x600002c960a0_0 .var "status1", 31 0;
v0x600002c96130_0 .var "status2", 31 0;
TD_tb_nexuslite_regfile.test_status_changes ;
    %alloc S_0x14e7148b0;
    %pushi/vec4 8, 0, 8;
    %store/vec4 v0x600002c94000_0, 0, 8;
    %fork TD_tb_nexuslite_regfile.do_read, S_0x14e7148b0;
    %join;
    %load/vec4 v0x600002c94090_0;
    %store/vec4 v0x600002c960a0_0, 0, 32;
    %load/vec4 v0x600002c94120_0;
    %store/vec4 v0x600002c96010_0, 0, 2;
    %free S_0x14e7148b0;
    %pushi/vec4 5, 0, 32;
T_6.27 %dup/vec4;
    %cmpi/s 0, 0, 32;
    %jmp/1xz T_6.28, 5;
    %jmp/1 T_6.28, 4;
    %subi 1, 0, 32;
    %wait E_0x600000b81ec0;
    %jmp T_6.27;
T_6.28 ;
    %pop/vec4 1;
    %alloc S_0x14e7148b0;
    %pushi/vec4 8, 0, 8;
    %store/vec4 v0x600002c94000_0, 0, 8;
    %fork TD_tb_nexuslite_regfile.do_read, S_0x14e7148b0;
    %join;
    %load/vec4 v0x600002c94090_0;
    %store/vec4 v0x600002c96130_0, 0, 32;
    %load/vec4 v0x600002c94120_0;
    %store/vec4 v0x600002c96010_0, 0, 2;
    %free S_0x14e7148b0;
    %load/vec4 v0x600002c96130_0;
    %load/vec4 v0x600002c960a0_0;
    %cmp/u;
    %flag_or 5, 4;
    %jmp/0xz  T_6.29, 5;
    %vpi_call/w 4 136 "$display", "[FAIL] test_status_changes: status1=%0d status2=%0d (expected increase)", v0x600002c960a0_0, v0x600002c96130_0 {0 0 0};
    ; show_stmt_assign_vector: Get l-value for compressed += operand
    %load/vec4 v0x600002c96be0_0;
    %pushi/vec4 1, 0, 32;
    %add;
    %cast2;
    %store/vec4 v0x600002c96be0_0, 0, 32;
    %jmp T_6.30;
T_6.29 ;
    %vpi_call/w 4 139 "$display", "[PASS] test_status_changes: status went %0d -> %0d", v0x600002c960a0_0, v0x600002c96130_0 {0 0 0};
    ; show_stmt_assign_vector: Get l-value for compressed += operand
    %load/vec4 v0x600002c96c70_0;
    %pushi/vec4 1, 0, 32;
    %add;
    %cast2;
    %store/vec4 v0x600002c96c70_0, 0, 32;
T_6.30 ;
    %end;
    .scope S_0x14e714b90;
T_7 ;
    %wait E_0x600000b82180;
    %load/vec4 v0x600002c94510_0;
    %nor/r;
    %flag_set/vec4 8;
    %jmp/0xz  T_7.0, 8;
    %pushi/vec4 0, 0, 32;
    %assign/vec4 v0x600002c95440_0, 0;
    %jmp T_7.1;
T_7.0 ;
    %load/vec4 v0x600002c95440_0;
    %addi 1, 0, 32;
    %assign/vec4 v0x600002c95440_0, 0;
T_7.1 ;
    %jmp T_7;
    .thread T_7;
    .scope S_0x14e714b90;
T_8 ;
    %wait E_0x600000b82180;
    %load/vec4 v0x600002c94510_0;
    %nor/r;
    %flag_set/vec4 8;
    %jmp/0xz  T_8.0, 8;
    %pushi/vec4 0, 0, 1;
    %assign/vec4 v0x600002c955f0_0, 0;
    %pushi/vec4 0, 0, 1;
    %assign/vec4 v0x600002c94750_0, 0;
    %pushi/vec4 0, 0, 1;
    %assign/vec4 v0x600002c94cf0_0, 0;
    %pushi/vec4 0, 0, 1;
    %assign/vec4 v0x600002c94990_0, 0;
    %pushi/vec4 0, 0, 2;
    %assign/vec4 v0x600002c94900_0, 0;
    %pushi/vec4 0, 0, 1;
    %assign/vec4 v0x600002c94fc0_0, 0;
    %pushi/vec4 0, 0, 1;
    %assign/vec4 v0x600002c954d0_0, 0;
    %pushi/vec4 0, 0, 8;
    %assign/vec4 v0x600002c94f30_0, 0;
    %pushi/vec4 0, 0, 32;
    %assign/vec4 v0x600002c95560_0, 0;
    %pushi/vec4 0, 0, 32;
    %assign/vec4 v0x600002c950e0_0, 0;
    %pushi/vec4 0, 0, 32;
    %assign/vec4 v0x600002c95050_0, 0;
    %pushi/vec4 0, 0, 32;
    %assign/vec4 v0x600002c95170_0, 0;
    %pushi/vec4 0, 0, 32;
    %assign/vec4 v0x600002c95200_0, 0;
    %jmp T_8.1;
T_8.0 ;
    %load/vec4 v0x600002c955f0_0;
    %dup/vec4;
    %pushi/vec4 0, 0, 1;
    %cmp/u;
    %jmp/1 T_8.2, 6;
    %dup/vec4;
    %pushi/vec4 1, 0, 1;
    %cmp/u;
    %jmp/1 T_8.3, 6;
    %jmp T_8.4;
T_8.2 ;
    %load/vec4 v0x600002c95440_0;
    %cmpi/e 4294967295, 0, 32;
    %jmp/0xz  T_8.5, 4;
    %pushi/vec4 1, 0, 1;
    %ix/load 5, 0, 0;
    %ix/load 4, 0, 0;
    %flag_set/imm 4, 0;
    %assign/vec4/off/d v0x600002c95200_0, 4, 5;
T_8.5 ;
    %pushi/vec4 0, 0, 1;
    %assign/vec4 v0x600002c94750_0, 0;
    %pushi/vec4 0, 0, 1;
    %assign/vec4 v0x600002c94cf0_0, 0;
    %pushi/vec4 0, 0, 1;
    %assign/vec4 v0x600002c94990_0, 0;
    %load/vec4 v0x600002c947e0_0;
    %flag_set/vec4 9;
    %flag_get/vec4 9;
    %jmp/0 T_8.9, 9;
    %load/vec4 v0x600002c94fc0_0;
    %nor/r;
    %and;
T_8.9;
    %flag_set/vec4 8;
    %jmp/0xz  T_8.7, 8;
    %load/vec4 v0x600002c946c0_0;
    %assign/vec4 v0x600002c94f30_0, 0;
    %pushi/vec4 1, 0, 1;
    %assign/vec4 v0x600002c94fc0_0, 0;
    %pushi/vec4 1, 0, 1;
    %assign/vec4 v0x600002c94750_0, 0;
T_8.7 ;
    %load/vec4 v0x600002c94d80_0;
    %flag_set/vec4 9;
    %flag_get/vec4 9;
    %jmp/0 T_8.12, 9;
    %load/vec4 v0x600002c954d0_0;
    %nor/r;
    %and;
T_8.12;
    %flag_set/vec4 8;
    %jmp/0xz  T_8.10, 8;
    %load/vec4 v0x600002c94c60_0;
    %assign/vec4 v0x600002c95560_0, 0;
    %pushi/vec4 1, 0, 1;
    %assign/vec4 v0x600002c954d0_0, 0;
    %pushi/vec4 1, 0, 1;
    %assign/vec4 v0x600002c94cf0_0, 0;
T_8.10 ;
    %load/vec4 v0x600002c947e0_0;
    %flag_set/vec4 9;
    %jmp/1 T_8.16, 9;
    %load/vec4 v0x600002c94fc0_0;
    %flag_set/vec4 10;
    %flag_or 9, 10;
T_8.16;
    %flag_get/vec4 9;
    %jmp/0 T_8.15, 9;
    %load/vec4 v0x600002c94d80_0;
    %flag_set/vec4 9;
    %flag_get/vec4 9;
    %jmp/1 T_8.17, 9;
    %load/vec4 v0x600002c954d0_0;
    %or;
T_8.17;
    %and;
T_8.15;
    %flag_set/vec4 8;
    %jmp/0xz  T_8.13, 8;
    %load/vec4 v0x600002c947e0_0;
    %flag_set/vec4 9;
    %flag_get/vec4 9;
    %jmp/0 T_8.28, 9;
    %load/vec4 v0x600002c94fc0_0;
    %nor/r;
    %and;
T_8.28;
    %flag_set/vec4 8;
    %jmp/0 T_8.26, 8;
    %load/vec4 v0x600002c946c0_0;
    %jmp/1 T_8.27, 8;
T_8.26 ; End of true expr.
    %load/vec4 v0x600002c94f30_0;
    %jmp/0 T_8.27, 8;
 ; End of false expr.
    %blend;
T_8.27;
    %dup/vec4;
    %pushi/vec4 0, 0, 8;
    %cmp/u;
    %jmp/1 T_8.18, 6;
    %dup/vec4;
    %pushi/vec4 4, 0, 8;
    %cmp/u;
    %jmp/1 T_8.19, 6;
    %dup/vec4;
    %pushi/vec4 16, 0, 8;
    %cmp/u;
    %jmp/1 T_8.20, 6;
    %dup/vec4;
    %pushi/vec4 12, 0, 8;
    %cmp/u;
    %jmp/1 T_8.21, 6;
    %dup/vec4;
    %pushi/vec4 8, 0, 8;
    %cmp/u;
    %jmp/1 T_8.22, 6;
    %dup/vec4;
    %pushi/vec4 20, 0, 8;
    %cmp/u;
    %jmp/1 T_8.23, 6;
    %pushi/vec4 2, 0, 2;
    %assign/vec4 v0x600002c94900_0, 0;
    %jmp T_8.25;
T_8.18 ;
    %load/vec4 v0x600002c94d80_0;
    %flag_set/vec4 9;
    %flag_get/vec4 9;
    %jmp/0 T_8.31, 9;
    %load/vec4 v0x600002c954d0_0;
    %nor/r;
    %and;
T_8.31;
    %flag_set/vec4 8;
    %jmp/0 T_8.29, 8;
    %load/vec4 v0x600002c94c60_0;
    %jmp/1 T_8.30, 8;
T_8.29 ; End of true expr.
    %load/vec4 v0x600002c95560_0;
    %jmp/0 T_8.30, 8;
 ; End of false expr.
    %blend;
T_8.30;
    %assign/vec4 v0x600002c950e0_0, 0;
    %pushi/vec4 0, 0, 2;
    %assign/vec4 v0x600002c94900_0, 0;
    %jmp T_8.25;
T_8.19 ;
    %load/vec4 v0x600002c94d80_0;
    %flag_set/vec4 9;
    %flag_get/vec4 9;
    %jmp/0 T_8.34, 9;
    %load/vec4 v0x600002c954d0_0;
    %nor/r;
    %and;
T_8.34;
    %flag_set/vec4 8;
    %jmp/0 T_8.32, 8;
    %load/vec4 v0x600002c94c60_0;
    %jmp/1 T_8.33, 8;
T_8.32 ; End of true expr.
    %load/vec4 v0x600002c95560_0;
    %jmp/0 T_8.33, 8;
 ; End of false expr.
    %blend;
T_8.33;
    %assign/vec4 v0x600002c95050_0, 0;
    %pushi/vec4 0, 0, 2;
    %assign/vec4 v0x600002c94900_0, 0;
    %jmp T_8.25;
T_8.20 ;
    %load/vec4 v0x600002c94d80_0;
    %flag_set/vec4 9;
    %flag_get/vec4 9;
    %jmp/0 T_8.37, 9;
    %load/vec4 v0x600002c954d0_0;
    %nor/r;
    %and;
T_8.37;
    %flag_set/vec4 8;
    %jmp/0 T_8.35, 8;
    %load/vec4 v0x600002c94c60_0;
    %jmp/1 T_8.36, 8;
T_8.35 ; End of true expr.
    %load/vec4 v0x600002c95560_0;
    %jmp/0 T_8.36, 8;
 ; End of false expr.
    %blend;
T_8.36;
    %assign/vec4 v0x600002c95170_0, 0;
    %pushi/vec4 0, 0, 2;
    %assign/vec4 v0x600002c94900_0, 0;
    %jmp T_8.25;
T_8.21 ;
    %load/vec4 v0x600002c95200_0;
    %load/vec4 v0x600002c94d80_0;
    %flag_set/vec4 9;
    %flag_get/vec4 9;
    %jmp/0 T_8.40, 9;
    %load/vec4 v0x600002c954d0_0;
    %nor/r;
    %and;
T_8.40;
    %flag_set/vec4 8;
    %jmp/0 T_8.38, 8;
    %load/vec4 v0x600002c94c60_0;
    %jmp/1 T_8.39, 8;
T_8.38 ; End of true expr.
    %load/vec4 v0x600002c95560_0;
    %jmp/0 T_8.39, 8;
 ; End of false expr.
    %blend;
T_8.39;
    %inv;
    %and;
    %assign/vec4 v0x600002c95200_0, 0;
    %pushi/vec4 0, 0, 2;
    %assign/vec4 v0x600002c94900_0, 0;
    %jmp T_8.25;
T_8.22 ;
    %pushi/vec4 0, 0, 2;
    %assign/vec4 v0x600002c94900_0, 0;
    %jmp T_8.25;
T_8.23 ;
    %pushi/vec4 0, 0, 2;
    %assign/vec4 v0x600002c94900_0, 0;
    %jmp T_8.25;
T_8.25 ;
    %pop/vec4 1;
    %pushi/vec4 1, 0, 1;
    %assign/vec4 v0x600002c955f0_0, 0;
    %pushi/vec4 1, 0, 1;
    %assign/vec4 v0x600002c94990_0, 0;
    %pushi/vec4 0, 0, 1;
    %assign/vec4 v0x600002c94fc0_0, 0;
    %pushi/vec4 0, 0, 1;
    %assign/vec4 v0x600002c954d0_0, 0;
T_8.13 ;
    %jmp T_8.4;
T_8.3 ;
    %load/vec4 v0x600002c94870_0;
    %flag_set/vec4 8;
    %jmp/0xz  T_8.41, 8;
    %pushi/vec4 0, 0, 1;
    %assign/vec4 v0x600002c94990_0, 0;
    %pushi/vec4 0, 0, 1;
    %assign/vec4 v0x600002c955f0_0, 0;
T_8.41 ;
    %jmp T_8.4;
T_8.4 ;
    %pop/vec4 1;
T_8.1 ;
    %jmp T_8;
    .thread T_8;
    .scope S_0x14e714b90;
T_9 ;
    %wait E_0x600000b82180;
    %load/vec4 v0x600002c94510_0;
    %nor/r;
    %flag_set/vec4 8;
    %jmp/0xz  T_9.0, 8;
    %pushi/vec4 0, 0, 1;
    %assign/vec4 v0x600002c953b0_0, 0;
    %pushi/vec4 0, 0, 1;
    %assign/vec4 v0x600002c945a0_0, 0;
    %pushi/vec4 0, 0, 1;
    %assign/vec4 v0x600002c94bd0_0, 0;
    %pushi/vec4 0, 0, 2;
    %assign/vec4 v0x600002c94b40_0, 0;
    %pushi/vec4 0, 0, 1;
    %assign/vec4 v0x600002c94ea0_0, 0;
    %pushi/vec4 0, 0, 1;
    %assign/vec4 v0x600002c95290_0, 0;
    %pushi/vec4 0, 0, 8;
    %assign/vec4 v0x600002c94e10_0, 0;
    %pushi/vec4 0, 0, 32;
    %assign/vec4 v0x600002c95320_0, 0;
    %jmp T_9.1;
T_9.0 ;
    %load/vec4 v0x600002c953b0_0;
    %dup/vec4;
    %pushi/vec4 0, 0, 1;
    %cmp/u;
    %jmp/1 T_9.2, 6;
    %dup/vec4;
    %pushi/vec4 1, 0, 1;
    %cmp/u;
    %jmp/1 T_9.3, 6;
    %jmp T_9.4;
T_9.2 ;
    %pushi/vec4 0, 0, 1;
    %assign/vec4 v0x600002c945a0_0, 0;
    %pushi/vec4 0, 0, 1;
    %assign/vec4 v0x600002c94bd0_0, 0;
    %load/vec4 v0x600002c94630_0;
    %flag_set/vec4 8;
    %jmp/0xz  T_9.5, 8;
    %load/vec4 v0x600002c94480_0;
    %dup/vec4;
    %pushi/vec4 0, 0, 8;
    %cmp/u;
    %jmp/1 T_9.7, 6;
    %dup/vec4;
    %pushi/vec4 4, 0, 8;
    %cmp/u;
    %jmp/1 T_9.8, 6;
    %dup/vec4;
    %pushi/vec4 16, 0, 8;
    %cmp/u;
    %jmp/1 T_9.9, 6;
    %dup/vec4;
    %pushi/vec4 12, 0, 8;
    %cmp/u;
    %jmp/1 T_9.10, 6;
    %dup/vec4;
    %pushi/vec4 8, 0, 8;
    %cmp/u;
    %jmp/1 T_9.11, 6;
    %dup/vec4;
    %pushi/vec4 20, 0, 8;
    %cmp/u;
    %jmp/1 T_9.12, 6;
    %pushi/vec4 2, 0, 2;
    %assign/vec4 v0x600002c94b40_0, 0;
    %jmp T_9.14;
T_9.7 ;
    %load/vec4 v0x600002c950e0_0;
    %assign/vec4 v0x600002c94a20_0, 0;
    %pushi/vec4 0, 0, 2;
    %assign/vec4 v0x600002c94b40_0, 0;
    %jmp T_9.14;
T_9.8 ;
    %load/vec4 v0x600002c95050_0;
    %assign/vec4 v0x600002c94a20_0, 0;
    %pushi/vec4 0, 0, 2;
    %assign/vec4 v0x600002c94b40_0, 0;
    %jmp T_9.14;
T_9.9 ;
    %pushi/vec4 0, 0, 32;
    %assign/vec4 v0x600002c94a20_0, 0;
    %pushi/vec4 0, 0, 2;
    %assign/vec4 v0x600002c94b40_0, 0;
    %jmp T_9.14;
T_9.10 ;
    %load/vec4 v0x600002c95200_0;
    %assign/vec4 v0x600002c94a20_0, 0;
    %pushi/vec4 0, 0, 2;
    %assign/vec4 v0x600002c94b40_0, 0;
    %jmp T_9.14;
T_9.11 ;
    %load/vec4 v0x600002c95440_0;
    %assign/vec4 v0x600002c94a20_0, 0;
    %pushi/vec4 0, 0, 2;
    %assign/vec4 v0x600002c94b40_0, 0;
    %jmp T_9.14;
T_9.12 ;
    %load/vec4 v0x600002c95170_0;
    %addi 1, 0, 32;
    %assign/vec4 v0x600002c94a20_0, 0;
    %pushi/vec4 0, 0, 2;
    %assign/vec4 v0x600002c94b40_0, 0;
    %jmp T_9.14;
T_9.14 ;
    %pop/vec4 1;
    %load/vec4 v0x600002c94480_0;
    %assign/vec4 v0x600002c94e10_0, 0;
    %pushi/vec4 1, 0, 1;
    %assign/vec4 v0x600002c945a0_0, 0;
    %pushi/vec4 1, 0, 1;
    %assign/vec4 v0x600002c94bd0_0, 0;
    %pushi/vec4 1, 0, 1;
    %assign/vec4 v0x600002c953b0_0, 0;
T_9.5 ;
    %jmp T_9.4;
T_9.3 ;
    %load/vec4 v0x600002c94ab0_0;
    %flag_set/vec4 8;
    %jmp/0xz  T_9.15, 8;
    %pushi/vec4 0, 0, 1;
    %assign/vec4 v0x600002c94bd0_0, 0;
    %pushi/vec4 0, 0, 1;
    %assign/vec4 v0x600002c953b0_0, 0;
T_9.15 ;
    %jmp T_9.4;
T_9.4 ;
    %pop/vec4 1;
T_9.1 ;
    %jmp T_9;
    .thread T_9;
    .scope S_0x14e708700;
T_10 ;
    %pushi/vec4 0, 0, 32;
    %store/vec4 v0x600002c96c70_0, 0, 32;
    %pushi/vec4 0, 0, 32;
    %store/vec4 v0x600002c96be0_0, 0, 32;
    %end;
    .thread T_10, $init;
    .scope S_0x14e708700;
T_11 ;
    %pushi/vec4 0, 0, 1;
    %store/vec4 v0x600002c961c0_0, 0, 1;
    %end;
    .thread T_11;
    .scope S_0x14e708700;
T_12 ;
    %delay 5000, 0;
    %load/vec4 v0x600002c961c0_0;
    %inv;
    %store/vec4 v0x600002c961c0_0, 0, 1;
    %jmp T_12;
    .thread T_12;
    .scope S_0x14e708700;
T_13 ;
    %vpi_call/w 4 55 "$dumpfile", "nexuslite_regfile.vcd" {0 0 0};
    %vpi_call/w 4 56 "$dumpvars", 32'sb00000000000000000000000000000000, S_0x14e708700 {0 0 0};
    %end;
    .thread T_13;
    .scope S_0x14e708700;
T_14 ;
    %pushi/vec4 0, 0, 1;
    %store/vec4 v0x600002c962e0_0, 0, 1;
    %pushi/vec4 0, 0, 8;
    %store/vec4 v0x600002c96490_0, 0, 8;
    %pushi/vec4 0, 0, 1;
    %store/vec4 v0x600002c965b0_0, 0, 1;
    %pushi/vec4 0, 0, 32;
    %store/vec4 v0x600002c96a30_0, 0, 32;
    %pushi/vec4 0, 0, 1;
    %store/vec4 v0x600002c96b50_0, 0, 1;
    %pushi/vec4 0, 0, 1;
    %store/vec4 v0x600002c96640_0, 0, 1;
    %pushi/vec4 0, 0, 8;
    %store/vec4 v0x600002c96250_0, 0, 8;
    %pushi/vec4 0, 0, 1;
    %store/vec4 v0x600002c96400_0, 0, 1;
    %pushi/vec4 0, 0, 1;
    %store/vec4 v0x600002c96880_0, 0, 1;
    %pushi/vec4 3, 0, 32;
T_14.0 %dup/vec4;
    %cmpi/s 0, 0, 32;
    %jmp/1xz T_14.1, 5;
    %jmp/1 T_14.1, 4;
    %subi 1, 0, 32;
    %wait E_0x600000b81ec0;
    %jmp T_14.0;
T_14.1 ;
    %pop/vec4 1;
    %pushi/vec4 1, 0, 1;
    %store/vec4 v0x600002c962e0_0, 0, 1;
    %wait E_0x600000b81ec0;
    %alloc S_0x14e715620;
    %pushi/vec4 0, 0, 8;
    %store/vec4 v0x600002c95b00_0, 0, 8;
    %pushi/vec4 2863289685, 0, 32;
    %store/vec4 v0x600002c95b90_0, 0, 32;
    %pushi/str "CTRL";
    %store/str v0x600002c95c20_0;
    %fork TD_tb_nexuslite_regfile.test_rw_register, S_0x14e715620;
    %join;
    %free S_0x14e715620;
    %alloc S_0x14e715620;
    %pushi/vec4 4, 0, 8;
    %store/vec4 v0x600002c95b00_0, 0, 8;
    %pushi/vec4 305419896, 0, 32;
    %store/vec4 v0x600002c95b90_0, 0, 32;
    %pushi/str "CONFIG";
    %store/str v0x600002c95c20_0;
    %fork TD_tb_nexuslite_regfile.test_rw_register, S_0x14e715620;
    %join;
    %free S_0x14e715620;
    %alloc S_0x14e715900;
    %fork TD_tb_nexuslite_regfile.test_status_changes, S_0x14e715900;
    %join;
    %free S_0x14e715900;
    %alloc S_0x14e715340;
    %fork TD_tb_nexuslite_regfile.test_data_in_out, S_0x14e715340;
    %join;
    %free S_0x14e715340;
    %alloc S_0x14e715790;
    %fork TD_tb_nexuslite_regfile.test_slverr, S_0x14e715790;
    %join;
    %free S_0x14e715790;
    %alloc S_0x14e7154b0;
    %fork TD_tb_nexuslite_regfile.test_int_flag_w1c, S_0x14e7154b0;
    %join;
    %free S_0x14e7154b0;
    %delay 100000, 0;
    %vpi_call/w 4 264 "$display", "=== Testbench complete: %0d PASS, %0d FAIL ===", v0x600002c96c70_0, v0x600002c96be0_0 {0 0 0};
    %vpi_call/w 4 265 "$finish" {0 0 0};
    %end;
    .thread T_14;
# The file index is used to find the file name in the following table.
:file_names 6;
    "N/A";
    "<interactive>";
    "-";
    "rtl/nexuslite_pkg.sv";
    "tb_directed/tb_nexuslite_regfile.sv";
    "rtl/nexuslite_regfile.sv";
