#! /opt/homebrew/Cellar/icarus-verilog/13.0/bin/vvp
:ivl_version "13.0 (stable)" "(v13_0)";
:ivl_delay_selection "TYPICAL";
:vpi_time_precision - 12;
:vpi_module "/opt/homebrew/Cellar/icarus-verilog/13.0/lib/ivl/system.vpi";
:vpi_module "/opt/homebrew/Cellar/icarus-verilog/13.0/lib/ivl/vhdl_sys.vpi";
:vpi_module "/opt/homebrew/Cellar/icarus-verilog/13.0/lib/ivl/vhdl_textio.vpi";
:vpi_module "/opt/homebrew/Cellar/icarus-verilog/13.0/lib/ivl/v2005_math.vpi";
:vpi_module "/opt/homebrew/Cellar/icarus-verilog/13.0/lib/ivl/va_math.vpi";
:vpi_module "/opt/homebrew/Cellar/icarus-verilog/13.0/lib/ivl/v2009.vpi";
S_0x127e04080 .scope package, "$unit" "$unit" 2 1;
 .timescale 0 0;
S_0x127e041f0 .scope package, "nexuslite_pkg" "nexuslite_pkg" 3 1;
 .timescale 0 0;
P_0x600002a8c000 .param/l "AXI_RESP_OKAY" 0 3 3, C4<00>;
P_0x600002a8c040 .param/l "AXI_RESP_SLVERR" 0 3 4, C4<10>;
S_0x127e04360 .scope module, "tb_nexuslite_min" "tb_nexuslite_min" 4 3;
 .timescale -9 -12;
P_0x600003188000 .param/l "ADDR_WIDTH" 1 4 5, +C4<00000000000000000000000000000100>;
P_0x600003188040 .param/l "CLK_PERIOD" 1 4 7, +C4<00000000000000000000000000001010>;
P_0x600003188080 .param/l "DATA_WIDTH" 1 4 6, +C4<00000000000000000000000000100000>;
v0x60000368d440_0 .var "ACLK", 0 0;
v0x60000368d4d0_0 .var "ARADDR", 3 0;
v0x60000368d560_0 .var "ARESETN", 0 0;
v0x60000368d5f0_0 .net "ARREADY", 0 0, v0x60000368c240_0;  1 drivers
v0x60000368d680_0 .var "ARVALID", 0 0;
v0x60000368d710_0 .var "AWADDR", 3 0;
v0x60000368d7a0_0 .net "AWREADY", 0 0, v0x60000368c3f0_0;  1 drivers
v0x60000368d830_0 .var "AWVALID", 0 0;
v0x60000368d8c0_0 .var "BREADY", 0 0;
v0x60000368d950_0 .net "BRESP", 1 0, v0x60000368c5a0_0;  1 drivers
v0x60000368d9e0_0 .net "BVALID", 0 0, v0x60000368c630_0;  1 drivers
v0x60000368da70_0 .net "RDATA", 31 0, v0x60000368c6c0_0;  1 drivers
v0x60000368db00_0 .var "RREADY", 0 0;
v0x60000368db90_0 .net "RRESP", 1 0, v0x60000368c7e0_0;  1 drivers
v0x60000368dc20_0 .net "RVALID", 0 0, v0x60000368c870_0;  1 drivers
v0x60000368dcb0_0 .var "WDATA", 31 0;
v0x60000368dd40_0 .net "WREADY", 0 0, v0x60000368c990_0;  1 drivers
v0x60000368ddd0_0 .var "WVALID", 0 0;
v0x60000368de60_0 .var/2s "fail_count", 31 0;
v0x60000368def0_0 .var/2s "pass_count", 31 0;
E_0x600001188740 .event posedge, v0x60000368c090_0;
S_0x127e044d0 .scope module, "dut" "nexuslite_min" 4 34, 5 1 0, S_0x127e04360;
 .timescale 0 0;
    .port_info 0 /INPUT 1 "ACLK";
    .port_info 1 /INPUT 1 "ARESETN";
    .port_info 2 /INPUT 4 "AWADDR";
    .port_info 3 /INPUT 1 "AWVALID";
    .port_info 4 /OUTPUT 1 "AWREADY";
    .port_info 5 /INPUT 32 "WDATA";
    .port_info 6 /INPUT 1 "WVALID";
    .port_info 7 /OUTPUT 1 "WREADY";
    .port_info 8 /OUTPUT 2 "BRESP";
    .port_info 9 /OUTPUT 1 "BVALID";
    .port_info 10 /INPUT 1 "BREADY";
    .port_info 11 /INPUT 4 "ARADDR";
    .port_info 12 /INPUT 1 "ARVALID";
    .port_info 13 /OUTPUT 1 "ARREADY";
    .port_info 14 /OUTPUT 32 "RDATA";
    .port_info 15 /OUTPUT 2 "RRESP";
    .port_info 16 /OUTPUT 1 "RVALID";
    .port_info 17 /INPUT 1 "RREADY";
P_0x600002a8c080 .param/l "ADDR_WIDTH" 0 5 2, +C4<00000000000000000000000000000100>;
P_0x600002a8c0c0 .param/l "DATA_WIDTH" 0 5 3, +C4<00000000000000000000000000100000>;
enum0x600002a89180 .enum4 (1)
   "WR_IDLE" 1'b0,
   "WR_RESP" 1'b1
 ;
enum0x600002a89200 .enum4 (1)
   "R_IDLE" 1'b0,
   "R_RESP" 1'b1
 ;
v0x60000368c090_0 .net "ACLK", 0 0, v0x60000368d440_0;  1 drivers
v0x60000368c120_0 .net "ARADDR", 3 0, v0x60000368d4d0_0;  1 drivers
v0x60000368c1b0_0 .net "ARESETN", 0 0, v0x60000368d560_0;  1 drivers
v0x60000368c240_0 .var "ARREADY", 0 0;
v0x60000368c2d0_0 .net "ARVALID", 0 0, v0x60000368d680_0;  1 drivers
v0x60000368c360_0 .net "AWADDR", 3 0, v0x60000368d710_0;  1 drivers
v0x60000368c3f0_0 .var "AWREADY", 0 0;
v0x60000368c480_0 .net "AWVALID", 0 0, v0x60000368d830_0;  1 drivers
v0x60000368c510_0 .net "BREADY", 0 0, v0x60000368d8c0_0;  1 drivers
v0x60000368c5a0_0 .var "BRESP", 1 0;
v0x60000368c630_0 .var "BVALID", 0 0;
v0x60000368c6c0_0 .var "RDATA", 31 0;
v0x60000368c750_0 .net "RREADY", 0 0, v0x60000368db00_0;  1 drivers
v0x60000368c7e0_0 .var "RRESP", 1 0;
v0x60000368c870_0 .var "RVALID", 0 0;
v0x60000368c900_0 .net "WDATA", 31 0, v0x60000368dcb0_0;  1 drivers
v0x60000368c990_0 .var "WREADY", 0 0;
v0x60000368ca20_0 .net "WVALID", 0 0, v0x60000368ddd0_0;  1 drivers
v0x60000368cab0_0 .var "ar_addr_captured", 3 0;
v0x60000368cb40_0 .var "ar_captured", 0 0;
v0x60000368cbd0_0 .var "aw_addr_captured", 3 0;
v0x60000368cc60_0 .var "aw_captured", 0 0;
v0x60000368ccf0_0 .var "r_captured", 0 0;
v0x60000368cd80_0 .var "r_data_captured", 31 0;
v0x60000368ce10_0 .var "rd_state", 0 0;
v0x60000368cea0_0 .var "reg_data", 31 0;
v0x60000368cf30_0 .var "w_captured", 0 0;
v0x60000368cfc0_0 .var "w_data_captured", 31 0;
v0x60000368d050_0 .var "wr_state", 0 0;
E_0x600001180080/0 .event negedge, v0x60000368c1b0_0;
E_0x600001180080/1 .event posedge, v0x60000368c090_0;
E_0x600001180080 .event/or E_0x600001180080/0, E_0x600001180080/1;
S_0x127e04880 .scope autotask, "read_check" "read_check" 4 134, 4 134 0, S_0x127e04360;
 .timescale -9 -12;
v0x60000368c000_0 .var "addr", 3 0;
v0x60000368d170_0 .var "expected_data", 31 0;
E_0x6000011800c0 .event anyedge, v0x60000368c870_0;
TD_tb_nexuslite_min.read_check ;
    %wait E_0x600001188740;
    %load/vec4 v0x60000368c000_0;
    %assign/vec4 v0x60000368d4d0_0, 0;
    %pushi/vec4 1, 0, 1;
    %assign/vec4 v0x60000368d680_0, 0;
    %pushi/vec4 1, 0, 1;
    %assign/vec4 v0x60000368db00_0, 0;
    %wait E_0x600001188740;
    %pushi/vec4 0, 0, 1;
    %assign/vec4 v0x60000368d680_0, 0;
T_0.0 ;
    %load/vec4 v0x60000368dc20_0;
    %pushi/vec4 1, 0, 1;
    %cmp/e;
    %flag_get/vec4 4;
    %cmpi/ne 1, 0, 1;
    %jmp/0xz T_0.1, 6;
    %wait E_0x6000011800c0;
    %jmp T_0.0;
T_0.1 ;
    %wait E_0x600001188740;
    %load/vec4 v0x60000368da70_0;
    %load/vec4 v0x60000368d170_0;
    %cmp/ne;
    %jmp/0xz  T_0.2, 6;
    %vpi_call/w 4 148 "$display", "[FAIL] read_check: addr=%0h expected=%0h got=%0h", v0x60000368c000_0, v0x60000368d170_0, v0x60000368da70_0 {0 0 0};
    ; show_stmt_assign_vector: Get l-value for compressed += operand
    %load/vec4 v0x60000368de60_0;
    %pushi/vec4 1, 0, 32;
    %add;
    %cast2;
    %store/vec4 v0x60000368de60_0, 0, 32;
    %jmp T_0.3;
T_0.2 ;
    %load/vec4 v0x60000368db90_0;
    %cmpi/ne 0, 0, 2;
    %jmp/0xz  T_0.4, 6;
    %vpi_call/w 4 151 "$display", "[FAIL] read_check: addr=%0h expected RRESP=OKAY got %0d", v0x60000368c000_0, v0x60000368db90_0 {0 0 0};
    ; show_stmt_assign_vector: Get l-value for compressed += operand
    %load/vec4 v0x60000368de60_0;
    %pushi/vec4 1, 0, 32;
    %add;
    %cast2;
    %store/vec4 v0x60000368de60_0, 0, 32;
    %jmp T_0.5;
T_0.4 ;
    %vpi_call/w 4 154 "$display", "[PASS] read_check: addr=%0h data=%0h", v0x60000368c000_0, v0x60000368da70_0 {0 0 0};
    ; show_stmt_assign_vector: Get l-value for compressed += operand
    %load/vec4 v0x60000368def0_0;
    %pushi/vec4 1, 0, 32;
    %add;
    %cast2;
    %store/vec4 v0x60000368def0_0, 0, 32;
T_0.5 ;
T_0.3 ;
    %pushi/vec4 0, 0, 1;
    %assign/vec4 v0x60000368db00_0, 0;
    %wait E_0x600001188740;
    %end;
S_0x127e049f0 .scope autotask, "write_same_cycle" "write_same_cycle" 4 64, 4 64 0, S_0x127e04360;
 .timescale -9 -12;
v0x60000368d200_0 .var "addr", 3 0;
v0x60000368d290_0 .var "data", 31 0;
E_0x600001180100 .event anyedge, v0x60000368c630_0;
TD_tb_nexuslite_min.write_same_cycle ;
    %wait E_0x600001188740;
    %load/vec4 v0x60000368d200_0;
    %assign/vec4 v0x60000368d710_0, 0;
    %pushi/vec4 1, 0, 1;
    %assign/vec4 v0x60000368d830_0, 0;
    %load/vec4 v0x60000368d290_0;
    %assign/vec4 v0x60000368dcb0_0, 0;
    %pushi/vec4 1, 0, 1;
    %assign/vec4 v0x60000368ddd0_0, 0;
    %pushi/vec4 1, 0, 1;
    %assign/vec4 v0x60000368d8c0_0, 0;
    %wait E_0x600001188740;
    %pushi/vec4 0, 0, 1;
    %assign/vec4 v0x60000368d830_0, 0;
    %pushi/vec4 0, 0, 1;
    %assign/vec4 v0x60000368ddd0_0, 0;
T_1.6 ;
    %load/vec4 v0x60000368d9e0_0;
    %pushi/vec4 1, 0, 1;
    %cmp/e;
    %flag_get/vec4 4;
    %cmpi/ne 1, 0, 1;
    %jmp/0xz T_1.7, 6;
    %wait E_0x600001180100;
    %jmp T_1.6;
T_1.7 ;
    %wait E_0x600001188740;
    %load/vec4 v0x60000368d950_0;
    %cmpi/ne 0, 0, 2;
    %jmp/0xz  T_1.8, 6;
    %vpi_call/w 4 81 "$display", "[FAIL] write_same_cycle: addr=%0h expected BRESP=OKAY got %0d", v0x60000368d200_0, v0x60000368d950_0 {0 0 0};
    ; show_stmt_assign_vector: Get l-value for compressed += operand
    %load/vec4 v0x60000368de60_0;
    %pushi/vec4 1, 0, 32;
    %add;
    %cast2;
    %store/vec4 v0x60000368de60_0, 0, 32;
    %jmp T_1.9;
T_1.8 ;
    %vpi_call/w 4 84 "$display", "[PASS] write_same_cycle: addr=%0h data=%0h", v0x60000368d200_0, v0x60000368d290_0 {0 0 0};
    ; show_stmt_assign_vector: Get l-value for compressed += operand
    %load/vec4 v0x60000368def0_0;
    %pushi/vec4 1, 0, 32;
    %add;
    %cast2;
    %store/vec4 v0x60000368def0_0, 0, 32;
T_1.9 ;
    %pushi/vec4 0, 0, 1;
    %assign/vec4 v0x60000368d8c0_0, 0;
    %wait E_0x600001188740;
    %end;
S_0x127e04b60 .scope autotask, "write_split_cycle" "write_split_cycle" 4 94, 4 94 0, S_0x127e04360;
 .timescale -9 -12;
v0x60000368d320_0 .var "addr", 3 0;
v0x60000368d3b0_0 .var "data", 31 0;
E_0x600001180140 .event anyedge, v0x60000368c630_0;
TD_tb_nexuslite_min.write_split_cycle ;
    %wait E_0x600001188740;
    %load/vec4 v0x60000368d320_0;
    %assign/vec4 v0x60000368d710_0, 0;
    %pushi/vec4 1, 0, 1;
    %assign/vec4 v0x60000368d830_0, 0;
    %pushi/vec4 0, 0, 1;
    %assign/vec4 v0x60000368ddd0_0, 0;
    %pushi/vec4 1, 0, 1;
    %assign/vec4 v0x60000368d8c0_0, 0;
    %wait E_0x600001188740;
    %pushi/vec4 0, 0, 1;
    %assign/vec4 v0x60000368d830_0, 0;
    %wait E_0x600001188740;
    %wait E_0x600001188740;
    %load/vec4 v0x60000368d3b0_0;
    %assign/vec4 v0x60000368dcb0_0, 0;
    %pushi/vec4 1, 0, 1;
    %assign/vec4 v0x60000368ddd0_0, 0;
    %wait E_0x600001188740;
    %pushi/vec4 0, 0, 1;
    %assign/vec4 v0x60000368ddd0_0, 0;
T_2.10 ;
    %load/vec4 v0x60000368d9e0_0;
    %pushi/vec4 1, 0, 1;
    %cmp/e;
    %flag_get/vec4 4;
    %cmpi/ne 1, 0, 1;
    %jmp/0xz T_2.11, 6;
    %wait E_0x600001180140;
    %jmp T_2.10;
T_2.11 ;
    %wait E_0x600001188740;
    %load/vec4 v0x60000368d950_0;
    %cmpi/ne 0, 0, 2;
    %jmp/0xz  T_2.12, 6;
    %vpi_call/w 4 121 "$display", "[FAIL] write_split_cycle: addr=%0h expected BRESP=OKAY got %0d", v0x60000368d320_0, v0x60000368d950_0 {0 0 0};
    ; show_stmt_assign_vector: Get l-value for compressed += operand
    %load/vec4 v0x60000368de60_0;
    %pushi/vec4 1, 0, 32;
    %add;
    %cast2;
    %store/vec4 v0x60000368de60_0, 0, 32;
    %jmp T_2.13;
T_2.12 ;
    %vpi_call/w 4 124 "$display", "[PASS] write_split_cycle: addr=%0h data=%0h", v0x60000368d320_0, v0x60000368d3b0_0 {0 0 0};
    ; show_stmt_assign_vector: Get l-value for compressed += operand
    %load/vec4 v0x60000368def0_0;
    %pushi/vec4 1, 0, 32;
    %add;
    %cast2;
    %store/vec4 v0x60000368def0_0, 0, 32;
T_2.13 ;
    %pushi/vec4 0, 0, 1;
    %assign/vec4 v0x60000368d8c0_0, 0;
    %wait E_0x600001188740;
    %end;
    .scope S_0x127e044d0;
T_3 ;
    %wait E_0x600001180080;
    %load/vec4 v0x60000368c1b0_0;
    %nor/r;
    %flag_set/vec4 8;
    %jmp/0xz  T_3.0, 8;
    %pushi/vec4 0, 0, 1;
    %assign/vec4 v0x60000368d050_0, 0;
    %pushi/vec4 0, 0, 1;
    %assign/vec4 v0x60000368c3f0_0, 0;
    %pushi/vec4 0, 0, 1;
    %assign/vec4 v0x60000368c990_0, 0;
    %pushi/vec4 0, 0, 1;
    %assign/vec4 v0x60000368c630_0, 0;
    %pushi/vec4 0, 0, 2;
    %assign/vec4 v0x60000368c5a0_0, 0;
    %pushi/vec4 0, 0, 1;
    %assign/vec4 v0x60000368cc60_0, 0;
    %pushi/vec4 0, 0, 1;
    %assign/vec4 v0x60000368cf30_0, 0;
    %pushi/vec4 0, 0, 4;
    %assign/vec4 v0x60000368cbd0_0, 0;
    %pushi/vec4 0, 0, 32;
    %assign/vec4 v0x60000368cfc0_0, 0;
    %pushi/vec4 0, 0, 32;
    %assign/vec4 v0x60000368cea0_0, 0;
    %jmp T_3.1;
T_3.0 ;
    %load/vec4 v0x60000368d050_0;
    %dup/vec4;
    %pushi/vec4 0, 0, 1;
    %cmp/u;
    %jmp/1 T_3.2, 6;
    %dup/vec4;
    %pushi/vec4 1, 0, 1;
    %cmp/u;
    %jmp/1 T_3.3, 6;
    %jmp T_3.4;
T_3.2 ;
    %pushi/vec4 0, 0, 1;
    %assign/vec4 v0x60000368c3f0_0, 0;
    %pushi/vec4 0, 0, 1;
    %assign/vec4 v0x60000368c990_0, 0;
    %pushi/vec4 0, 0, 1;
    %assign/vec4 v0x60000368c630_0, 0;
    %load/vec4 v0x60000368c480_0;
    %flag_set/vec4 9;
    %flag_get/vec4 9;
    %jmp/0 T_3.7, 9;
    %load/vec4 v0x60000368cc60_0;
    %nor/r;
    %and;
T_3.7;
    %flag_set/vec4 8;
    %jmp/0xz  T_3.5, 8;
    %load/vec4 v0x60000368c360_0;
    %assign/vec4 v0x60000368cbd0_0, 0;
    %pushi/vec4 1, 0, 1;
    %assign/vec4 v0x60000368cc60_0, 0;
    %pushi/vec4 1, 0, 1;
    %assign/vec4 v0x60000368c3f0_0, 0;
T_3.5 ;
    %load/vec4 v0x60000368ca20_0;
    %flag_set/vec4 9;
    %flag_get/vec4 9;
    %jmp/0 T_3.10, 9;
    %load/vec4 v0x60000368cf30_0;
    %nor/r;
    %and;
T_3.10;
    %flag_set/vec4 8;
    %jmp/0xz  T_3.8, 8;
    %load/vec4 v0x60000368c900_0;
    %assign/vec4 v0x60000368cfc0_0, 0;
    %pushi/vec4 1, 0, 1;
    %assign/vec4 v0x60000368cf30_0, 0;
    %pushi/vec4 1, 0, 1;
    %assign/vec4 v0x60000368c990_0, 0;
T_3.8 ;
    %load/vec4 v0x60000368c480_0;
    %flag_set/vec4 9;
    %jmp/1 T_3.14, 9;
    %load/vec4 v0x60000368cc60_0;
    %flag_set/vec4 10;
    %flag_or 9, 10;
T_3.14;
    %flag_get/vec4 9;
    %jmp/0 T_3.13, 9;
    %load/vec4 v0x60000368ca20_0;
    %flag_set/vec4 9;
    %flag_get/vec4 9;
    %jmp/1 T_3.15, 9;
    %load/vec4 v0x60000368cf30_0;
    %or;
T_3.15;
    %and;
T_3.13;
    %flag_set/vec4 8;
    %jmp/0xz  T_3.11, 8;
    %load/vec4 v0x60000368ca20_0;
    %flag_set/vec4 9;
    %flag_get/vec4 9;
    %jmp/0 T_3.18, 9;
    %load/vec4 v0x60000368cf30_0;
    %nor/r;
    %and;
T_3.18;
    %flag_set/vec4 8;
    %jmp/0 T_3.16, 8;
    %load/vec4 v0x60000368c900_0;
    %jmp/1 T_3.17, 8;
T_3.16 ; End of true expr.
    %load/vec4 v0x60000368cfc0_0;
    %jmp/0 T_3.17, 8;
 ; End of false expr.
    %blend;
T_3.17;
    %assign/vec4 v0x60000368cea0_0, 0;
    %pushi/vec4 1, 0, 1;
    %assign/vec4 v0x60000368d050_0, 0;
    %pushi/vec4 1, 0, 1;
    %assign/vec4 v0x60000368c630_0, 0;
    %pushi/vec4 0, 0, 2;
    %assign/vec4 v0x60000368c5a0_0, 0;
    %pushi/vec4 0, 0, 1;
    %assign/vec4 v0x60000368cc60_0, 0;
    %pushi/vec4 0, 0, 1;
    %assign/vec4 v0x60000368cf30_0, 0;
T_3.11 ;
    %jmp T_3.4;
T_3.3 ;
    %load/vec4 v0x60000368c510_0;
    %flag_set/vec4 8;
    %jmp/0xz  T_3.19, 8;
    %pushi/vec4 0, 0, 1;
    %assign/vec4 v0x60000368c630_0, 0;
    %pushi/vec4 0, 0, 1;
    %assign/vec4 v0x60000368d050_0, 0;
T_3.19 ;
    %jmp T_3.4;
T_3.4 ;
    %pop/vec4 1;
T_3.1 ;
    %jmp T_3;
    .thread T_3;
    .scope S_0x127e044d0;
T_4 ;
    %wait E_0x600001180080;
    %load/vec4 v0x60000368c1b0_0;
    %nor/r;
    %flag_set/vec4 8;
    %jmp/0xz  T_4.0, 8;
    %pushi/vec4 0, 0, 1;
    %assign/vec4 v0x60000368ce10_0, 0;
    %pushi/vec4 0, 0, 1;
    %assign/vec4 v0x60000368c240_0, 0;
    %pushi/vec4 0, 0, 1;
    %assign/vec4 v0x60000368c870_0, 0;
    %pushi/vec4 0, 0, 2;
    %assign/vec4 v0x60000368c7e0_0, 0;
    %pushi/vec4 0, 0, 1;
    %assign/vec4 v0x60000368cb40_0, 0;
    %pushi/vec4 0, 0, 1;
    %assign/vec4 v0x60000368ccf0_0, 0;
    %pushi/vec4 0, 0, 4;
    %assign/vec4 v0x60000368cab0_0, 0;
    %pushi/vec4 0, 0, 32;
    %assign/vec4 v0x60000368cd80_0, 0;
    %jmp T_4.1;
T_4.0 ;
    %load/vec4 v0x60000368ce10_0;
    %dup/vec4;
    %pushi/vec4 0, 0, 1;
    %cmp/u;
    %jmp/1 T_4.2, 6;
    %dup/vec4;
    %pushi/vec4 1, 0, 1;
    %cmp/u;
    %jmp/1 T_4.3, 6;
    %jmp T_4.4;
T_4.2 ;
    %pushi/vec4 0, 0, 1;
    %assign/vec4 v0x60000368c240_0, 0;
    %pushi/vec4 0, 0, 1;
    %assign/vec4 v0x60000368c870_0, 0;
    %load/vec4 v0x60000368c2d0_0;
    %flag_set/vec4 8;
    %jmp/0xz  T_4.5, 8;
    %load/vec4 v0x60000368c120_0;
    %assign/vec4 v0x60000368cab0_0, 0;
    %pushi/vec4 1, 0, 1;
    %assign/vec4 v0x60000368c240_0, 0;
    %load/vec4 v0x60000368cea0_0;
    %assign/vec4 v0x60000368c6c0_0, 0;
    %pushi/vec4 1, 0, 1;
    %assign/vec4 v0x60000368c870_0, 0;
    %pushi/vec4 0, 0, 2;
    %assign/vec4 v0x60000368c7e0_0, 0;
    %pushi/vec4 1, 0, 1;
    %assign/vec4 v0x60000368ce10_0, 0;
T_4.5 ;
    %jmp T_4.4;
T_4.3 ;
    %load/vec4 v0x60000368c750_0;
    %flag_set/vec4 8;
    %jmp/0xz  T_4.7, 8;
    %pushi/vec4 0, 0, 1;
    %assign/vec4 v0x60000368c870_0, 0;
    %pushi/vec4 0, 0, 1;
    %assign/vec4 v0x60000368ce10_0, 0;
T_4.7 ;
    %jmp T_4.4;
T_4.4 ;
    %pop/vec4 1;
T_4.1 ;
    %jmp T_4;
    .thread T_4;
    .scope S_0x127e04360;
T_5 ;
    %pushi/vec4 0, 0, 32;
    %store/vec4 v0x60000368def0_0, 0, 32;
    %pushi/vec4 0, 0, 32;
    %store/vec4 v0x60000368de60_0, 0, 32;
    %end;
    .thread T_5, $init;
    .scope S_0x127e04360;
T_6 ;
    %pushi/vec4 0, 0, 1;
    %store/vec4 v0x60000368d440_0, 0, 1;
    %end;
    .thread T_6;
    .scope S_0x127e04360;
T_7 ;
    %delay 5000, 0;
    %load/vec4 v0x60000368d440_0;
    %inv;
    %store/vec4 v0x60000368d440_0, 0, 1;
    %jmp T_7;
    .thread T_7;
    .scope S_0x127e04360;
T_8 ;
    %vpi_call/w 4 59 "$dumpfile", "nexuslite_min.vcd" {0 0 0};
    %vpi_call/w 4 60 "$dumpvars", 32'sb00000000000000000000000000000000, S_0x127e04360 {0 0 0};
    %end;
    .thread T_8;
    .scope S_0x127e04360;
T_9 ;
    %pushi/vec4 0, 0, 1;
    %store/vec4 v0x60000368d560_0, 0, 1;
    %pushi/vec4 0, 0, 4;
    %store/vec4 v0x60000368d710_0, 0, 4;
    %pushi/vec4 0, 0, 1;
    %store/vec4 v0x60000368d830_0, 0, 1;
    %pushi/vec4 0, 0, 32;
    %store/vec4 v0x60000368dcb0_0, 0, 32;
    %pushi/vec4 0, 0, 1;
    %store/vec4 v0x60000368ddd0_0, 0, 1;
    %pushi/vec4 0, 0, 1;
    %store/vec4 v0x60000368d8c0_0, 0, 1;
    %pushi/vec4 0, 0, 4;
    %store/vec4 v0x60000368d4d0_0, 0, 4;
    %pushi/vec4 0, 0, 1;
    %store/vec4 v0x60000368d680_0, 0, 1;
    %pushi/vec4 0, 0, 1;
    %store/vec4 v0x60000368db00_0, 0, 1;
    %pushi/vec4 3, 0, 32;
T_9.0 %dup/vec4;
    %cmpi/s 0, 0, 32;
    %jmp/1xz T_9.1, 5;
    %jmp/1 T_9.1, 4;
    %subi 1, 0, 32;
    %wait E_0x600001188740;
    %jmp T_9.0;
T_9.1 ;
    %pop/vec4 1;
    %pushi/vec4 1, 0, 1;
    %store/vec4 v0x60000368d560_0, 0, 1;
    %wait E_0x600001188740;
    %alloc S_0x127e049f0;
    %pushi/vec4 0, 0, 4;
    %store/vec4 v0x60000368d200_0, 0, 4;
    %pushi/vec4 3735928559, 0, 32;
    %store/vec4 v0x60000368d290_0, 0, 32;
    %fork TD_tb_nexuslite_min.write_same_cycle, S_0x127e049f0;
    %join;
    %free S_0x127e049f0;
    %alloc S_0x127e04880;
    %pushi/vec4 0, 0, 4;
    %store/vec4 v0x60000368c000_0, 0, 4;
    %pushi/vec4 3735928559, 0, 32;
    %store/vec4 v0x60000368d170_0, 0, 32;
    %fork TD_tb_nexuslite_min.read_check, S_0x127e04880;
    %join;
    %free S_0x127e04880;
    %alloc S_0x127e04b60;
    %pushi/vec4 0, 0, 4;
    %store/vec4 v0x60000368d320_0, 0, 4;
    %pushi/vec4 3405705229, 0, 32;
    %store/vec4 v0x60000368d3b0_0, 0, 32;
    %fork TD_tb_nexuslite_min.write_split_cycle, S_0x127e04b60;
    %join;
    %free S_0x127e04b60;
    %alloc S_0x127e04880;
    %pushi/vec4 0, 0, 4;
    %store/vec4 v0x60000368c000_0, 0, 4;
    %pushi/vec4 3405705229, 0, 32;
    %store/vec4 v0x60000368d170_0, 0, 32;
    %fork TD_tb_nexuslite_min.read_check, S_0x127e04880;
    %join;
    %free S_0x127e04880;
    %delay 50000, 0;
    %vpi_call/w 4 182 "$display", "=== Testbench complete: %0d PASS, %0d FAIL ===", v0x60000368def0_0, v0x60000368de60_0 {0 0 0};
    %vpi_call/w 4 183 "$finish" {0 0 0};
    %end;
    .thread T_9;
# The file index is used to find the file name in the following table.
:file_names 6;
    "N/A";
    "<interactive>";
    "-";
    "../rtl/nexuslite_pkg.sv";
    "tb.sv";
    "../rtl/nexuslite_min.sv";
